<?xml version="1.0" encoding="UTF-8"?>
<testng-results ignored="0" total="8" passed="7" failed="1" skipped="0">
  <reporter-output>
  </reporter-output>
  <suite started-at="2023-05-16T15:57:14 IST" name="Default suite" finished-at="2023-05-16T15:57:35 IST" duration-ms="21160">
    <groups>
    </groups>
    <test started-at="2023-05-16T15:57:14 IST" name="Default test" finished-at="2023-05-16T15:57:35 IST" duration-ms="21160">
      <class name="com.testcase.BankmanagerLanuch">
        <test-method is-config="true" signature="setUp()[pri:0, instance:com.testcase.BankmanagerLanuch@bae7dc0]" started-at="2023-05-16T15:57:14 IST" name="setUp" finished-at="2023-05-16T15:57:26 IST" duration-ms="11452" status="PASS">
          <reporter-output>
          </reporter-output>
        </test-method> <!-- setUp -->
        <test-method signature="customerModule()[pri:1, instance:com.testcase.BankmanagerLanuch@bae7dc0]" started-at="2023-05-16T15:57:26 IST" name="customerModule" finished-at="2023-05-16T15:57:26 IST" duration-ms="0" status="PASS">
          <reporter-output>
          </reporter-output>
        </test-method> <!-- customerModule -->
        <test-method signature="clickOnBMLogin()[pri:2, instance:com.testcase.BankmanagerLanuch@bae7dc0]" started-at="2023-05-16T15:57:26 IST" name="clickOnBMLogin" finished-at="2023-05-16T15:57:29 IST" duration-ms="3545" status="PASS">
          <reporter-output>
          </reporter-output>
        </test-method> <!-- clickOnBMLogin -->
        <test-method signature="clickOnAddCustomer()[pri:3, instance:com.testcase.BankmanagerLanuch@bae7dc0]" started-at="2023-05-16T15:57:29 IST" name="clickOnAddCustomer" finished-at="2023-05-16T15:57:30 IST" duration-ms="826" status="PASS">
          <reporter-output>
          </reporter-output>
        </test-method> <!-- clickOnAddCustomer -->
        <test-method signature="enterTheDetails()[pri:5, instance:com.testcase.BankmanagerLanuch@bae7dc0]" started-at="2023-05-16T15:57:30 IST" name="enterTheDetails" finished-at="2023-05-16T15:57:31 IST" duration-ms="637" status="PASS">
          <reporter-output>
          </reporter-output>
        </test-method> <!-- enterTheDetails -->
        <test-method signature="clickOnSubmitDetails()[pri:6, instance:com.testcase.BankmanagerLanuch@bae7dc0]" started-at="2023-05-16T15:57:31 IST" name="clickOnSubmitDetails" finished-at="2023-05-16T15:57:31 IST" duration-ms="442" status="PASS">
          <reporter-output>
          </reporter-output>
        </test-method> <!-- clickOnSubmitDetails -->
        <test-method signature="clickonOpenAccountab()[pri:6, instance:com.testcase.BankmanagerLanuch@bae7dc0]" started-at="2023-05-16T15:57:31 IST" name="clickonOpenAccountab" finished-at="2023-05-16T15:57:32 IST" duration-ms="1351" status="PASS">
          <reporter-output>
          </reporter-output>
        </test-method> <!-- clickonOpenAccountab -->
        <test-method signature="clickOnOpenAccount()[pri:7, instance:com.testcase.BankmanagerLanuch@bae7dc0]" started-at="2023-05-16T15:57:32 IST" name="clickOnOpenAccount" finished-at="2023-05-16T15:57:33 IST" duration-ms="895" status="FAIL">
          <exception class="java.lang.AssertionError">
            <message>
              <![CDATA[expected [Account created successfully with account Number:1001] but found [Account created successfully with account Number :1016]]]>
            </message>
            <full-stacktrace>
              <![CDATA[java.lang.AssertionError: expected [Account created successfully with account Number:1001] but found [Account created successfully with account Number :1016]
at org.testng.Assert.fail(Assert.java:99)
at org.testng.Assert.failNotEquals(Assert.java:1037)
at org.testng.Assert.assertEqualsImpl(Assert.java:140)
at org.testng.Assert.assertEquals(Assert.java:122)
at org.testng.Assert.assertEquals(Assert.java:629)
at org.testng.Assert.assertEquals(Assert.java:639)
at com.testcase.BankmanagerLanuch.clickOnOpenAccount(BankmanagerLanuch.java:61)
at java.base/jdk.internal.reflect.NativeMethodAccessorImpl.invoke0(Native Method)
at java.base/jdk.internal.reflect.NativeMethodAccessorImpl.invoke(NativeMethodAccessorImpl.java:77)
at java.base/jdk.internal.reflect.DelegatingMethodAccessorImpl.invoke(DelegatingMethodAccessorImpl.java:43)
at java.base/java.lang.reflect.Method.invoke(Method.java:568)
at org.testng.internal.MethodInvocationHelper.invokeMethod(MethodInvocationHelper.java:133)
at org.testng.internal.TestInvoker.invokeMethod(TestInvoker.java:598)
at org.testng.internal.TestInvoker.invokeTestMethod(TestInvoker.java:173)
at org.testng.internal.MethodRunner.runInSequence(MethodRunner.java:46)
at org.testng.internal.TestInvoker$MethodInvocationAgent.invoke(TestInvoker.java:824)
at org.testng.internal.TestInvoker.invokeTestMethods(TestInvoker.java:146)
at org.testng.internal.TestMethodWorker.invokeTestMethods(TestMethodWorker.java:146)
at org.testng.internal.TestMethodWorker.run(TestMethodWorker.java:128)
at java.base/java.util.ArrayList.forEach(ArrayList.java:1511)
at org.testng.TestRunner.privateRun(TestRunner.java:794)
at org.testng.TestRunner.run(TestRunner.java:596)
at org.testng.SuiteRunner.runTest(SuiteRunner.java:377)
at org.testng.SuiteRunner.runSequentially(SuiteRunner.java:371)
at org.testng.SuiteRunner.privateRun(SuiteRunner.java:332)
at org.testng.SuiteRunner.run(SuiteRunner.java:276)
at org.testng.SuiteRunnerWorker.runSuite(SuiteRunnerWorker.java:53)
at org.testng.SuiteRunnerWorker.run(SuiteRunnerWorker.java:96)
at org.testng.TestNG.runSuitesSequentially(TestNG.java:1212)
at org.testng.TestNG.runSuitesLocally(TestNG.java:1134)
at org.testng.TestNG.runSuites(TestNG.java:1063)
at org.testng.TestNG.run(TestNG.java:1031)
at org.testng.remote.AbstractRemoteTestNG.run(AbstractRemoteTestNG.java:115)
at org.testng.remote.RemoteTestNG.initAndRun(RemoteTestNG.java:251)
at org.testng.remote.RemoteTestNG.main(RemoteTestNG.java:77)
]]>
            </full-stacktrace>
          </exception> <!-- java.lang.AssertionError -->
          <reporter-output>
          </reporter-output>
        </test-method> <!-- clickOnOpenAccount -->
        <test-method signature="clickOnCustomersList()[pri:8, instance:com.testcase.BankmanagerLanuch@bae7dc0]" started-at="2023-05-16T15:57:33 IST" name="clickOnCustomersList" finished-at="2023-05-16T15:57:35 IST" duration-ms="1919" status="PASS">
          <reporter-output>
          </reporter-output>
        </test-method> <!-- clickOnCustomersList -->
      </class> <!-- com.testcase.BankmanagerLanuch -->
    </test> <!-- Default test -->
  </suite> <!-- Default suite -->
</testng-results>
